{"level":"info","message":"test","timestamp":"2015-10-31T14:05:00.441Z"}
{"level":"info","message":"generated clientId: 7lg62wV2","timestamp":"2015-10-31T14:05:00.448Z"}
{"level":"info","message":"test","timestamp":"2015-10-31T14:05:16.695Z"}
{"level":"info","message":"generated clientId: 2a7i6gTG","timestamp":"2015-10-31T14:05:16.699Z"}
{"level":"info","message":"test","timestamp":"2015-10-31T14:05:18.537Z"}
{"level":"info","message":"generated clientId: 97FaUlKz","timestamp":"2015-10-31T14:05:18.544Z"}
{"level":"info","message":"test","timestamp":"2015-10-31T14:05:35.791Z"}
{"level":"info","message":"generated clientId: eN9KgJSs","timestamp":"2015-10-31T14:05:35.795Z"}
{"level":"info","message":"test","timestamp":"2015-10-31T14:06:11.697Z"}
{"level":"info","message":"generated clientId: 1yoVLAB4","timestamp":"2015-10-31T14:06:11.699Z"}
{"level":"info","message":"test","timestamp":"2015-10-31T14:07:06.724Z"}
{"level":"info","message":"generated clientId: RvqbLFe7","timestamp":"2015-10-31T14:07:06.726Z"}
{"level":"info","message":"test","timestamp":"2015-10-31T14:14:36.596Z"}
{"level":"info","message":"generated clientId: TctEWaMU","timestamp":"2015-10-31T14:14:36.599Z"}
{"level":"info","message":"test","timestamp":"2015-10-31T14:16:49.411Z"}
{"level":"info","message":"generated clientId: oJWNj3et","timestamp":"2015-10-31T14:16:49.414Z"}
{"level":"info","message":"test","timestamp":"2015-10-31T14:17:29.692Z"}
{"level":"info","message":"generated clientId: zDbYDg6P","timestamp":"2015-10-31T14:17:29.693Z"}
{"level":"info","message":"test","timestamp":"2015-10-31T14:18:44.742Z"}
{"level":"info","message":"generated clientId: pbZx4wmS","timestamp":"2015-10-31T14:18:44.744Z"}
{"level":"info","message":"test","timestamp":"2015-10-31T14:19:23.830Z"}
{"level":"info","message":"generated clientId: JHE7UCeo","timestamp":"2015-10-31T14:19:23.832Z"}
{"level":"info","message":"test","timestamp":"2015-10-31T14:21:42.438Z"}
{"level":"info","message":"generated clientId: gM3KdtUN","timestamp":"2015-10-31T14:21:42.440Z"}
{"level":"info","message":"test","timestamp":"2015-10-31T14:21:51.038Z"}
{"level":"info","message":"generated clientId: JdB1x7Cy","timestamp":"2015-10-31T14:21:51.040Z"}
{"level":"info","message":"test","timestamp":"2015-10-31T14:23:28.500Z"}
{"level":"info","message":"generated clientId: hLiOhsUq","timestamp":"2015-10-31T14:23:28.502Z"}
{"level":"info","message":"test","timestamp":"2015-10-31T14:24:53.024Z"}
{"level":"info","message":"generated clientId: 4ecqw9bS","timestamp":"2015-10-31T14:24:53.025Z"}
{"level":"info","message":"test","timestamp":"2015-10-31T14:25:11.329Z"}
{"level":"info","message":"generated clientId: 0btnnBrY","timestamp":"2015-10-31T14:25:11.331Z"}
{"level":"info","message":"test","timestamp":"2015-10-31T14:25:50.972Z"}
{"level":"info","message":"generated clientId: 2T5VUCIp","timestamp":"2015-10-31T14:25:50.974Z"}
{"level":"info","message":"test","timestamp":"2015-10-31T14:26:06.512Z"}
{"level":"info","message":"test","timestamp":"2015-10-31T14:26:13.090Z"}
{"level":"info","message":"generated clientId: ZPx12X63","timestamp":"2015-10-31T14:26:13.092Z"}
{"level":"info","message":"test","timestamp":"2015-10-31T14:26:40.868Z"}
{"level":"info","message":"generated clientId: XTBSmTmb","timestamp":"2015-10-31T14:26:40.870Z"}
{"level":"info","message":"generated clientId: yb7Ax6JH","timestamp":"2015-10-31T14:26:40.871Z"}
{"level":"info","message":"test","timestamp":"2015-10-31T14:26:53.400Z"}
{"level":"info","message":"generated clientId: v0928yla","timestamp":"2015-10-31T14:26:53.402Z"}
{"level":"info","message":"generated clientId: 3wsemyTY","timestamp":"2015-10-31T14:26:53.403Z"}
{"level":"info","message":"test","timestamp":"2015-10-31T14:26:55.914Z"}
{"level":"info","message":"generated clientId: MMWZrrWW","timestamp":"2015-10-31T14:26:55.916Z"}
{"level":"info","message":"generated clientId: q7r5N2pI","timestamp":"2015-10-31T14:26:55.917Z"}
{"level":"info","message":"test","timestamp":"2015-10-31T14:27:28.539Z"}
{"level":"info","message":"generated clientId: DE1RjotY","timestamp":"2015-10-31T14:27:28.541Z"}
{"level":"info","message":"generated clientId: 0TZcSfk0","timestamp":"2015-10-31T14:27:28.542Z"}
{"level":"info","message":"test","timestamp":"2015-10-31T14:28:39.350Z"}
{"level":"info","message":"generated clientId: 6RmFg7ib","timestamp":"2015-10-31T14:28:39.351Z"}
{"level":"info","message":"generated clientId: mFHbk6qZ","timestamp":"2015-10-31T14:28:39.352Z"}
{"level":"info","message":"test","timestamp":"2015-10-31T14:28:56.389Z"}
{"level":"info","message":"generated clientId: kPUoAfnU","timestamp":"2015-10-31T14:28:56.391Z"}
{"level":"info","message":"generated clientId: 6pEO5I5Z","timestamp":"2015-10-31T14:28:56.391Z"}
{"level":"info","message":"test","timestamp":"2015-10-31T14:29:07.214Z"}
{"level":"info","message":"generated clientId: oGt8C9k0","timestamp":"2015-10-31T14:29:07.216Z"}
{"level":"info","message":"generated clientId: 1GMeQUc4","timestamp":"2015-10-31T14:29:07.217Z"}
{"level":"info","message":"test","timestamp":"2015-10-31T14:37:26.538Z"}
{"level":"info","message":"generated clientId: f904HqZs","timestamp":"2015-10-31T14:37:26.544Z"}
{"level":"info","message":"generated clientId: o4Iw4AXu","timestamp":"2015-10-31T14:37:26.545Z"}
{"level":"info","message":"test","timestamp":"2015-10-31T14:37:43.239Z"}
{"level":"info","message":"generated clientId: IzqHPn3k","timestamp":"2015-10-31T14:37:43.243Z"}
{"level":"info","message":"generated clientId: g6rlT5vf","timestamp":"2015-10-31T14:37:43.244Z"}
{"level":"info","message":"test","timestamp":"2015-10-31T14:37:48.524Z"}
{"level":"info","message":"generated clientId: aZfAldjO","timestamp":"2015-10-31T14:37:48.526Z"}
{"level":"info","message":"generated clientId: 3DVVy1qh","timestamp":"2015-10-31T14:37:48.534Z"}
{"level":"info","message":"test","timestamp":"2015-10-31T14:38:02.942Z"}
{"level":"info","message":"generated clientId: o5521wDL","timestamp":"2015-10-31T14:38:02.944Z"}
{"level":"info","message":"generated clientId: tHpPW2K3","timestamp":"2015-10-31T14:38:02.945Z"}
{"level":"info","message":"test","timestamp":"2015-10-31T14:38:06.954Z"}
{"level":"info","message":"generated clientId: jFK4dgfz","timestamp":"2015-10-31T14:38:06.956Z"}
{"level":"info","message":"generated clientId: j9z6VBdh","timestamp":"2015-10-31T14:38:06.958Z"}
{"level":"info","message":"test","timestamp":"2015-10-31T14:38:10.796Z"}
{"level":"info","message":"generated clientId: iBo105DY","timestamp":"2015-10-31T14:38:10.798Z"}
{"level":"info","message":"generated clientId: Mkc7Q7G4","timestamp":"2015-10-31T14:38:10.799Z"}
{"level":"info","message":"test","timestamp":"2015-10-31T14:46:08.391Z"}
{"level":"info","message":"generated clientId: 0eXUQXso","timestamp":"2015-10-31T14:46:08.397Z"}
{"level":"info","message":"generated clientId: inC0ZCI8","timestamp":"2015-10-31T14:46:08.406Z"}
{"level":"info","message":"test","timestamp":"2015-10-31T14:46:24.144Z"}
{"level":"info","message":"generated clientId: SvLx49ey","timestamp":"2015-10-31T14:46:24.150Z"}
{"level":"info","message":"generated clientId: GYRjLIuN","timestamp":"2015-10-31T14:46:24.168Z"}
{"level":"info","message":"test","timestamp":"2015-10-31T14:47:26.493Z"}
{"level":"info","message":"generated clientId: do498FJC","timestamp":"2015-10-31T14:47:26.500Z"}
{"level":"info","message":"generated clientId: Xeju9np0","timestamp":"2015-10-31T14:47:26.519Z"}
{"level":"info","message":"test","timestamp":"2015-10-31T15:13:06.979Z"}
{"level":"info","message":"generated clientId: oV6czeuR","timestamp":"2015-10-31T15:13:06.985Z"}
{"level":"info","message":"generated clientId: idisPhsR","timestamp":"2015-10-31T15:13:07.002Z"}
{"level":"info","message":"test","timestamp":"2015-10-31T15:14:59.867Z"}
{"level":"info","message":"generated clientId: g7BMOVty","timestamp":"2015-10-31T15:14:59.873Z"}
{"level":"info","message":"generated clientId: vGyGAsGe","timestamp":"2015-10-31T15:14:59.889Z"}
{"level":"info","message":"test","timestamp":"2015-10-31T15:16:56.727Z"}
{"level":"info","message":"generated clientId: lRSnrKKx","timestamp":"2015-10-31T15:16:56.733Z"}
{"level":"info","message":"generated clientId: VaNOd2On","timestamp":"2015-10-31T15:16:56.751Z"}
{"level":"info","message":"test","timestamp":"2015-10-31T15:17:43.734Z"}
{"level":"info","message":"generated clientId: jMcJL09N","timestamp":"2015-10-31T15:17:43.741Z"}
{"level":"info","message":"generated clientId: 6bQUlr5P","timestamp":"2015-10-31T15:17:43.776Z"}
{"level":"info","message":"test","timestamp":"2015-10-31T15:18:01.175Z"}
{"level":"info","message":"generated clientId: vWBxFqU7","timestamp":"2015-10-31T15:18:01.182Z"}
{"level":"info","message":"generated clientId: hjb3pk57","timestamp":"2015-10-31T15:18:03.186Z"}
{"level":"info","message":"test","timestamp":"2015-10-31T15:18:47.149Z"}
{"level":"info","message":"generated clientId: 30VsXpl2","timestamp":"2015-10-31T15:18:47.156Z"}
{"level":"info","message":"generated clientId: FMnC0JUX","timestamp":"2015-10-31T15:18:47.162Z"}
{"level":"info","message":"test","timestamp":"2015-10-31T15:19:00.491Z"}
{"level":"info","message":"generated clientId: 9BylvcP8","timestamp":"2015-10-31T15:19:00.494Z"}
{"port":53919,"maxConnCount":20,"clientId":"72wZ29kt","level":"info","message":"","timestamp":"2015-10-31T15:19:00.497Z"}
{"level":"info","message":"generated clientId: aXWl90lA","timestamp":"2015-10-31T15:19:00.498Z"}
{"level":"info","message":"test","timestamp":"2015-10-31T15:20:30.589Z"}
{"level":"info","message":"generated clientId: V8YNasaZ","timestamp":"2015-10-31T15:20:30.599Z"}
{"port":53932,"maxConnCount":20,"clientId":"rT5Pvb11","level":"info","message":"","timestamp":"2015-10-31T15:20:30.600Z"}
{"level":"info","message":"generated clientId: 2tXQMWLc","timestamp":"2015-10-31T15:20:32.602Z"}
{"level":"info","message":"test","timestamp":"2015-10-31T15:20:43.527Z"}
{"level":"info","message":"generated clientId: 6TPBo595","timestamp":"2015-10-31T15:20:43.528Z"}
{"port":53934,"maxConnCount":20,"clientId":"xk0niXsi","level":"info","message":"","timestamp":"2015-10-31T15:20:43.530Z"}
{"level":"info","message":"generated clientId: YumQXOW2","timestamp":"2015-10-31T15:20:45.533Z"}
{"level":"info","message":"test","timestamp":"2015-10-31T15:22:12.696Z"}
{"level":"info","message":"generated clientId: JLHPYnJ0","timestamp":"2015-10-31T15:22:12.702Z"}
{"port":53957,"maxConnCount":20,"clientId":"6jgq6Y3u","level":"info","message":"","timestamp":"2015-10-31T15:22:12.707Z"}
{"level":"info","message":"generated clientId: gD4xFMFn","timestamp":"2015-10-31T15:22:14.707Z"}
{"level":"info","message":"test","timestamp":"2015-10-31T15:22:40.302Z"}
{"level":"info","message":"generated clientId: 774OeyMk","timestamp":"2015-10-31T15:22:40.308Z"}
{"port":53964,"maxConnCount":20,"clientId":"fSyUQoVX","level":"info","message":"","timestamp":"2015-10-31T15:22:40.313Z"}
{"level":"info","message":"generated clientId: qsdM7EdZ","timestamp":"2015-10-31T15:22:45.824Z"}
{"level":"info","message":"test","timestamp":"2015-10-31T15:23:29.667Z"}
{"level":"info","message":"generated clientId: YVstPxMb","timestamp":"2015-10-31T15:23:29.673Z"}
{"level":"info","message":"generated clientId: bv5qS5gm","timestamp":"2015-10-31T15:23:29.709Z"}
{"level":"info","message":"test","timestamp":"2015-10-31T15:27:27.218Z"}
{"level":"info","message":"generated clientId: SNWUkx9K","timestamp":"2015-10-31T15:27:27.224Z"}
{"level":"info","message":"generated clientId: 1BechCpk","timestamp":"2015-10-31T15:27:27.259Z"}
{"level":"info","message":"test","timestamp":"2015-10-31T15:28:42.899Z"}
{"level":"info","message":"generated clientId: 1N6URdEO","timestamp":"2015-10-31T15:28:42.906Z"}
{"level":"info","message":"generated clientId: icnXOzgJ","timestamp":"2015-10-31T15:28:42.943Z"}
{"level":"info","message":"test","timestamp":"2015-10-31T15:29:37.748Z"}
{"level":"info","message":"generated clientId: y4sW1Rxu","timestamp":"2015-10-31T15:29:37.754Z"}
{"port":54034,"maxConnCount":20,"clientId":"WwqYX3QV","level":"info","message":"","timestamp":"2015-10-31T15:29:37.759Z"}
{"level":"info","message":"generated clientId: ap2KFZiO","timestamp":"2015-10-31T15:29:43.268Z"}
{"level":"info","message":"test","timestamp":"2015-10-31T15:30:03.964Z"}
{"level":"info","message":"generated clientId: Wm1V5Q39","timestamp":"2015-10-31T15:30:03.970Z"}
{"port":54072,"maxConnCount":20,"clientId":"vNAAAuH5","level":"info","message":"","timestamp":"2015-10-31T15:30:03.975Z"}
{"level":"info","message":"generated clientId: PXPhUq2A","timestamp":"2015-10-31T15:30:09.486Z"}
{"level":"info","message":"test","timestamp":"2015-10-31T15:31:20.308Z"}
{"level":"info","message":"generated clientId: 4fn57esq","timestamp":"2015-10-31T15:31:20.314Z"}
{"port":54094,"maxConnCount":20,"clientId":"6x097PqM","level":"info","message":"","timestamp":"2015-10-31T15:31:20.319Z"}
{"level":"info","message":"generated clientId: hiciXmtp","timestamp":"2015-10-31T15:31:25.829Z"}
{"level":"info","message":"test","timestamp":"2015-10-31T15:32:25.995Z"}
{"level":"info","message":"generated clientId: BIXJXsy6","timestamp":"2015-10-31T15:32:26.002Z"}
{"port":54106,"maxConnCount":20,"clientId":"EICYKhKy","level":"info","message":"","timestamp":"2015-10-31T15:32:26.006Z"}
{"level":"info","message":"generated clientId: ZexDaKJV","timestamp":"2015-10-31T15:32:31.515Z"}
{"level":"info","message":"test","timestamp":"2015-10-31T15:34:00.688Z"}
{"level":"info","message":"generated clientId: sAPEMKZ9","timestamp":"2015-10-31T15:34:00.695Z"}
{"port":54132,"maxConnCount":20,"clientId":"nwqDxtCT","level":"info","message":"","timestamp":"2015-10-31T15:34:00.701Z"}
{"level":"info","message":"generated clientId: 90JElm7P","timestamp":"2015-10-31T15:34:06.211Z"}
{"level":"info","message":"test","timestamp":"2015-10-31T15:36:25.496Z"}
{"level":"info","message":"generated clientId: Ge96HlHw","timestamp":"2015-10-31T15:36:25.503Z"}
{"port":54174,"maxConnCount":20,"clientId":"Lr22KAu9","level":"info","message":"","timestamp":"2015-10-31T15:36:25.514Z"}
{"level":"info","message":"generated clientId: ukkHmbBR","timestamp":"2015-10-31T15:36:31.025Z"}
{"level":"info","message":"test","timestamp":"2015-10-31T15:38:20.770Z"}
{"level":"info","message":"generated clientId: 4NraJRfN","timestamp":"2015-10-31T15:38:20.776Z"}
{"port":54190,"maxConnCount":20,"clientId":"CKxugEZR","level":"info","message":"","timestamp":"2015-10-31T15:38:20.782Z"}
{"level":"info","message":"generated clientId: saNaXNTo","timestamp":"2015-10-31T15:38:26.291Z"}
{"level":"info","message":"test","timestamp":"2015-10-31T15:39:07.501Z"}
{"level":"info","message":"generated clientId: m6H06h6v","timestamp":"2015-10-31T15:39:07.508Z"}
{"port":54206,"maxConnCount":20,"clientId":"RT5afla1","level":"info","message":"","timestamp":"2015-10-31T15:39:07.513Z"}
{"level":"info","message":"generated clientId: h1nzC9TH","timestamp":"2015-10-31T15:39:13.024Z"}
{"level":"info","message":"test","timestamp":"2015-10-31T15:39:35.995Z"}
{"level":"info","message":"generated clientId: Df02F8Nc","timestamp":"2015-10-31T15:39:36.003Z"}
{"port":54210,"maxConnCount":20,"clientId":"hvebHaqT","level":"info","message":"","timestamp":"2015-10-31T15:39:36.009Z"}
{"level":"info","message":"generated clientId: e6EHTMoE","timestamp":"2015-10-31T15:39:41.511Z"}
{"level":"info","message":"test","timestamp":"2015-10-31T15:40:11.376Z"}
{"level":"info","message":"generated clientId: KtYcJzSL","timestamp":"2015-10-31T15:40:11.380Z"}
{"port":54214,"maxConnCount":20,"clientId":"fBKafU6O","level":"info","message":"","timestamp":"2015-10-31T15:40:11.383Z"}
{"level":"info","message":"generated clientId: 8W2h3Q7M","timestamp":"2015-10-31T15:40:16.884Z"}
{"level":"info","message":"test","timestamp":"2015-10-31T15:40:59.695Z"}
{"level":"info","message":"generated clientId: Ch7q9SsS","timestamp":"2015-10-31T15:40:59.698Z"}
{"port":54220,"maxConnCount":20,"clientId":"qxXiIOvf","level":"info","message":"","timestamp":"2015-10-31T15:40:59.700Z"}
{"level":"info","message":"generated clientId: h7oqWYqQ","timestamp":"2015-10-31T15:41:05.202Z"}
{"level":"info","message":"test","timestamp":"2015-10-31T15:42:25.113Z"}
{"level":"info","message":"generated clientId: Zsp239y1","timestamp":"2015-10-31T15:42:25.115Z"}
{"port":54232,"maxConnCount":20,"clientId":"M3fp0Dfn","level":"info","message":"","timestamp":"2015-10-31T15:42:25.117Z"}
{"level":"info","message":"generated clientId: Y2jXZfxR","timestamp":"2015-10-31T15:42:30.619Z"}
{"level":"info","message":"test","timestamp":"2015-10-31T15:43:10.905Z"}
{"level":"info","message":"generated clientId: yGSdCJTN","timestamp":"2015-10-31T15:43:10.907Z"}
{"port":54240,"maxConnCount":20,"clientId":"FGO9wpLV","level":"info","message":"","timestamp":"2015-10-31T15:43:10.909Z"}
{"level":"info","message":"generated clientId: DA56zw41","timestamp":"2015-10-31T15:43:16.411Z"}
{"level":"info","message":"test","timestamp":"2015-10-31T15:43:17.182Z"}
{"level":"info","message":"generated clientId: ubuoJaXp","timestamp":"2015-10-31T15:43:17.184Z"}
{"port":54241,"maxConnCount":20,"clientId":"6xNZ2PHl","level":"info","message":"","timestamp":"2015-10-31T15:43:17.186Z"}
{"level":"info","message":"generated clientId: uXypuuyj","timestamp":"2015-10-31T15:43:22.689Z"}
{"level":"info","message":"test","timestamp":"2015-10-31T15:44:17.847Z"}
{"level":"info","message":"generated clientId: Ea4kjhT1","timestamp":"2015-10-31T15:44:17.848Z"}
{"port":54250,"maxConnCount":20,"clientId":"jZ0dI2US","level":"info","message":"","timestamp":"2015-10-31T15:44:17.850Z"}
{"level":"info","message":"generated clientId: Wd2lNmtN","timestamp":"2015-10-31T15:44:23.352Z"}
{"level":"info","message":"test","timestamp":"2015-10-31T15:45:10.047Z"}
{"level":"info","message":"generated clientId: wwpAKBQW","timestamp":"2015-10-31T15:45:10.049Z"}
{"port":54262,"maxConnCount":20,"clientId":"DgG8TU0Z","level":"info","message":"","timestamp":"2015-10-31T15:45:10.050Z"}
{"level":"info","message":"generated clientId: RkKaulM9","timestamp":"2015-10-31T15:45:15.552Z"}
{"level":"info","message":"test","timestamp":"2015-10-31T15:48:10.195Z"}
{"level":"info","message":"generated clientId: rVCyRGvh","timestamp":"2015-10-31T15:48:10.196Z"}
{"port":54351,"maxConnCount":20,"clientId":"aGWSD9D2","level":"info","message":"","timestamp":"2015-10-31T15:48:10.198Z"}
{"level":"info","message":"generated clientId: oHUBjHWX","timestamp":"2015-10-31T15:48:15.701Z"}
{"level":"info","message":"test","timestamp":"2015-10-31T15:49:21.192Z"}
{"level":"info","message":"generated clientId: SAb3vBhR","timestamp":"2015-10-31T15:49:21.198Z"}
{"port":54366,"maxConnCount":20,"clientId":"rhq4NjEh","level":"info","message":"","timestamp":"2015-10-31T15:49:21.204Z"}
{"level":"info","message":"generated clientId: VhfWY0H6","timestamp":"2015-10-31T15:49:21.206Z"}
{"level":"info","message":"test","timestamp":"2015-10-31T15:49:26.640Z"}
{"level":"info","message":"generated clientId: lM7urDgf","timestamp":"2015-10-31T15:49:26.644Z"}
{"port":54369,"maxConnCount":20,"clientId":"xHc32RUn","level":"info","message":"","timestamp":"2015-10-31T15:49:26.647Z"}
{"level":"info","message":"generated clientId: OnEx5awr","timestamp":"2015-10-31T15:49:26.647Z"}
{"level":"info","message":"test","timestamp":"2015-10-31T15:49:46.117Z"}
{"level":"info","message":"generated clientId: qPfdXsQy","timestamp":"2015-10-31T15:49:46.120Z"}
{"port":54371,"maxConnCount":20,"clientId":"LUaRlFMQ","level":"info","message":"","timestamp":"2015-10-31T15:49:46.122Z"}
{"level":"info","message":"generated clientId: ags8R67j","timestamp":"2015-10-31T15:49:46.123Z"}
{"level":"info","message":"test","timestamp":"2015-10-31T15:50:43.539Z"}
{"level":"info","message":"generated clientId: Zi5sZJMp","timestamp":"2015-10-31T15:50:43.541Z"}
{"port":54419,"maxConnCount":20,"clientId":"hhOhqeDZ","level":"info","message":"","timestamp":"2015-10-31T15:50:43.543Z"}
{"level":"info","message":"generated clientId: IGe0s8bF","timestamp":"2015-10-31T15:50:43.544Z"}
{"level":"info","message":"test","timestamp":"2015-10-31T15:51:16.048Z"}
{"level":"info","message":"generated clientId: 3PXPM1I6","timestamp":"2015-10-31T15:51:16.321Z"}
{"port":54427,"maxConnCount":20,"clientId":"14bRbmQJ","level":"info","message":"","timestamp":"2015-10-31T15:51:16.323Z"}
{"level":"info","message":"generated clientId: t2caQn0s","timestamp":"2015-10-31T15:51:16.323Z"}
{"level":"info","message":"test","timestamp":"2015-10-31T15:51:17.716Z"}
{"level":"info","message":"generated clientId: mNvd6WcZ","timestamp":"2015-10-31T15:51:17.837Z"}
{"port":54431,"maxConnCount":20,"clientId":"trpoS982","level":"info","message":"","timestamp":"2015-10-31T15:51:17.838Z"}
{"level":"info","message":"generated clientId: xwLX5Ra5","timestamp":"2015-10-31T15:51:17.839Z"}
{"level":"info","message":"test","timestamp":"2015-10-31T15:51:28.362Z"}
{"level":"info","message":"generated clientId: aoCeYQsz","timestamp":"2015-10-31T15:51:28.500Z"}
{"port":54437,"maxConnCount":20,"clientId":"i5lykMnq","level":"info","message":"","timestamp":"2015-10-31T15:51:28.503Z"}
{"level":"info","message":"generated clientId: CoLgbqa4","timestamp":"2015-10-31T15:51:28.504Z"}
{"level":"info","message":"test","timestamp":"2015-10-31T15:51:40.948Z"}
{"level":"info","message":"generated clientId: FpVgJvfj","timestamp":"2015-10-31T15:51:41.123Z"}
{"port":54444,"maxConnCount":20,"clientId":"jBQ4FKkv","level":"info","message":"","timestamp":"2015-10-31T15:51:41.126Z"}
{"level":"info","message":"generated clientId: dmwpvnrE","timestamp":"2015-10-31T15:51:41.127Z"}
{"level":"info","message":"server started on port  8080","timestamp":"2015-10-31T15:54:40.247Z"}
{"level":"info","message":"test","timestamp":"2015-10-31T15:54:40.253Z"}
{"level":"info","message":"generated clientId: AORqqnB0","timestamp":"2015-10-31T15:54:40.518Z"}
{"port":54490,"maxConnCount":20,"clientId":"CMEEy563","level":"info","message":"","timestamp":"2015-10-31T15:54:40.522Z"}
{"level":"info","message":"generated clientId: vnej5B4M","timestamp":"2015-10-31T15:54:40.523Z"}
{"level":"info","message":"server started on port  8080","timestamp":"2015-10-31T15:56:20.693Z"}
{"level":"info","message":"test","timestamp":"2015-10-31T15:56:20.700Z"}
{"level":"info","message":"generated clientId: wzXd0DFo","timestamp":"2015-10-31T15:56:20.964Z"}
{"port":54520,"maxConnCount":20,"clientId":"26w24opm","level":"info","message":"","timestamp":"2015-10-31T15:56:20.968Z"}
{"level":"info","message":"generated clientId: eRRkkKfP","timestamp":"2015-10-31T15:56:20.969Z"}
{"level":"info","message":"test","timestamp":"2015-10-31T15:56:32.116Z"}
{"level":"info","message":"server started on port  8080","timestamp":"2015-10-31T15:56:32.121Z"}
{"level":"info","message":"generated clientId: sL5lYeAM","timestamp":"2015-10-31T15:56:32.235Z"}
{"port":54541,"maxConnCount":20,"clientId":"YKbJE8fu","level":"info","message":"","timestamp":"2015-10-31T15:56:32.238Z"}
{"level":"info","message":"generated clientId: 2U0x0xS5","timestamp":"2015-10-31T15:56:32.239Z"}
{"level":"info","message":"server started on port  undefined","timestamp":"2015-10-31T16:18:42.415Z"}
{"level":"info","message":"server started on port  undefined","timestamp":"2015-10-31T16:19:10.465Z"}
{"level":"info","message":"server started on port  undefined","timestamp":"2015-10-31T16:19:41.215Z"}
{"level":"info","message":"server started on port  undefined","timestamp":"2015-10-31T16:20:43.286Z"}
{"level":"info","message":"server started on port  undefined","timestamp":"2015-10-31T16:22:23.705Z"}
{"level":"info","message":"server started on port  undefined","timestamp":"2015-10-31T16:22:58.227Z"}
{"level":"info","message":"generated clientId: Sr9Grpuy","timestamp":"2015-10-31T16:22:58.246Z"}
{"level":"info","message":"server started on port  undefined","timestamp":"2015-10-31T16:23:39.595Z"}
{"level":"info","message":"test","timestamp":"2015-10-31T16:23:39.601Z"}
{"level":"info","message":"generated clientId: eKhkef4n","timestamp":"2015-10-31T16:23:39.614Z"}
{"level":"info","message":"server started on port  undefined","timestamp":"2015-10-31T16:24:43.140Z"}
{"level":"info","message":"test","timestamp":"2015-10-31T16:24:43.146Z"}
{"level":"info","message":"generated clientId: W7KvqiPs","timestamp":"2015-10-31T16:24:43.427Z"}
{"level":"info","message":"server started on port  undefined","timestamp":"2015-10-31T16:28:48.456Z"}
{"level":"info","message":"test","timestamp":"2015-10-31T16:28:48.461Z"}
{"level":"info","message":"generated clientId: 85Bhk5sI","timestamp":"2015-10-31T16:28:48.801Z"}
{"level":"info","message":"server started on port  undefined","timestamp":"2015-10-31T16:29:00.266Z"}
{"level":"info","message":"test","timestamp":"2015-10-31T16:29:00.268Z"}
{"level":"info","message":"generated clientId: iItnry2O","timestamp":"2015-10-31T16:29:00.418Z"}
{"level":"info","message":"test","timestamp":"2015-10-31T17:09:51.789Z"}
{"level":"info","message":"generated clientId: UGdiBRh1","timestamp":"2015-10-31T17:09:52.069Z"}
{"level":"info","message":"test","timestamp":"2015-10-31T17:10:40.041Z"}
{"level":"info","message":"generated clientId: 57P0PrT0","timestamp":"2015-10-31T17:10:40.266Z"}
{"level":"info","message":"test","timestamp":"2015-10-31T17:11:04.392Z"}
{"level":"info","message":"generated clientId: LJsCPUIG","timestamp":"2015-10-31T17:11:04.540Z"}
{"level":"info","message":"test","timestamp":"2015-10-31T17:11:10.735Z"}
{"level":"info","message":"generated clientId: g4yr66Wx","timestamp":"2015-10-31T17:11:10.860Z"}
{"level":"info","message":"test","timestamp":"2015-10-31T17:15:49.334Z"}
{"level":"info","message":"generated clientId: ncnqV0M3","timestamp":"2015-10-31T17:15:49.508Z"}
{"level":"info","message":"test","timestamp":"2015-10-31T17:16:03.121Z"}
{"level":"info","message":"generated clientId: s5RHzMfu","timestamp":"2015-10-31T17:16:03.244Z"}
{"level":"info","message":"test","timestamp":"2015-10-31T17:16:36.120Z"}
{"level":"info","message":"generated clientId: EASqdNSs","timestamp":"2015-10-31T17:16:36.401Z"}
{"level":"info","message":"test","timestamp":"2015-10-31T17:16:57.165Z"}
{"level":"info","message":"generated clientId: G1uWeyY9","timestamp":"2015-10-31T17:16:57.316Z"}
{"level":"info","message":"test","timestamp":"2015-10-31T17:17:21.049Z"}
{"level":"info","message":"generated clientId: 0JZB8oi0","timestamp":"2015-10-31T17:17:21.201Z"}
{"level":"info","message":"test","timestamp":"2015-10-31T17:18:03.411Z"}
{"level":"info","message":"generated clientId: hax0nfPG","timestamp":"2015-10-31T17:18:03.560Z"}
{"level":"info","message":"test","timestamp":"2015-10-31T17:18:18.191Z"}
{"level":"info","message":"generated clientId: r4O3x658","timestamp":"2015-10-31T17:18:18.308Z"}
{"level":"info","message":"test","timestamp":"2015-10-31T17:18:46.227Z"}
{"level":"info","message":"generated clientId: rNR76k6K","timestamp":"2015-10-31T17:18:46.374Z"}
{"level":"info","message":"test","timestamp":"2015-10-31T17:19:05.749Z"}
{"level":"info","message":"generated clientId: aHio02zx","timestamp":"2015-10-31T17:19:05.896Z"}
{"level":"info","message":"http server started on port  8080","timestamp":"2015-10-31T17:19:15.462Z"}
{"level":"info","message":"test","timestamp":"2015-10-31T17:19:15.468Z"}
{"level":"info","message":"generated clientId: lXWVdqmn","timestamp":"2015-10-31T17:19:15.601Z"}
{"level":"info","message":"test","timestamp":"2015-10-31T17:19:53.243Z"}
{"level":"info","message":"generated clientId: dg6LuGka","timestamp":"2015-10-31T17:19:53.499Z"}
{"level":"info","message":"test","timestamp":"2015-10-31T17:21:27.264Z"}
{"level":"info","message":"generated clientId: YuPQ4wtO","timestamp":"2015-10-31T17:21:27.414Z"}
{"level":"info","message":"http server started on port  8080","timestamp":"2015-10-31T17:28:15.180Z"}
{"level":"info","message":"http server started on port  8080","timestamp":"2015-10-31T17:33:18.798Z"}
{"level":"info","message":"http server started on port  8080","timestamp":"2015-10-31T17:36:48.028Z"}
{"level":"info","message":"http server started on port  8080","timestamp":"2015-10-31T17:37:44.015Z"}
{"level":"info","message":"http server started on port  8080","timestamp":"2015-10-31T17:45:12.078Z"}
{"level":"info","message":"http server started on port  8080","timestamp":"2015-10-31T17:47:41.378Z"}
{"level":"info","message":"http server started on port  8080","timestamp":"2015-10-31T17:54:39.392Z"}
{"level":"info","message":"http server started on port  8080","timestamp":"2015-10-31T17:56:24.108Z"}
{"level":"info","message":"http server started on port  8080","timestamp":"2015-10-31T17:57:13.435Z"}
{"level":"info","message":"http server started on port  8081","timestamp":"2015-10-31T18:01:15.856Z"}
{"level":"info","message":"socket server started on port  8081","timestamp":"2015-10-31T18:01:15.859Z"}
{"level":"info","message":"http server started on port  8081","timestamp":"2015-10-31T18:01:23.276Z"}
{"level":"info","message":"socket server started on port  8080","timestamp":"2015-10-31T18:01:23.279Z"}
{"level":"info","message":"http server started on port  8081","timestamp":"2015-10-31T18:01:57.907Z"}
{"level":"info","message":"socket server started on port  8080","timestamp":"2015-10-31T18:01:57.910Z"}
{"level":"info","message":"http server started on port  8081","timestamp":"2015-10-31T18:02:50.566Z"}
{"level":"info","message":"socket server started on port  8080","timestamp":"2015-10-31T18:02:50.569Z"}
{"level":"info","message":"http server started on port  8081","timestamp":"2015-10-31T18:03:15.988Z"}
{"level":"info","message":"socket server started on port  8080","timestamp":"2015-10-31T18:03:15.991Z"}
{"level":"info","message":"http server started on port  8081","timestamp":"2015-10-31T18:03:35.935Z"}
{"level":"info","message":"socket server started on port  8080","timestamp":"2015-10-31T18:03:35.938Z"}
{"level":"info","message":"http server started on port  8081","timestamp":"2015-10-31T18:05:08.421Z"}
{"level":"info","message":"socket server started on port  8080","timestamp":"2015-10-31T18:05:08.424Z"}
{"level":"info","message":"http server started on port  8081","timestamp":"2015-10-31T18:11:20.899Z"}
{"level":"info","message":"socket server started on port  8080","timestamp":"2015-10-31T18:11:20.902Z"}
{"level":"info","message":"http server started on port  8081","timestamp":"2015-10-31T18:11:47.962Z"}
{"level":"info","message":"socket server started on port  8080","timestamp":"2015-10-31T18:11:47.964Z"}
{"level":"info","message":"http server started on port  8081","timestamp":"2015-10-31T18:12:08.660Z"}
{"level":"info","message":"socket server started on port  8080","timestamp":"2015-10-31T18:12:08.663Z"}
{"level":"info","message":"http server started on port  8081","timestamp":"2015-10-31T18:12:39.155Z"}
{"level":"info","message":"socket server started on port  8080","timestamp":"2015-10-31T18:12:39.158Z"}
{"level":"info","message":"http server started on port  8081","timestamp":"2015-10-31T18:14:07.224Z"}
{"level":"info","message":"socket server started on port  8080","timestamp":"2015-10-31T18:14:07.228Z"}
{"level":"info","message":"http server started on port  8081","timestamp":"2015-10-31T18:51:23.958Z"}
{"level":"info","message":"socket server started on port  8080","timestamp":"2015-10-31T18:51:23.961Z"}
{"level":"info","message":"http server started on port  8081","timestamp":"2015-10-31T18:52:39.278Z"}
{"level":"info","message":"socket server started on port  8080","timestamp":"2015-10-31T18:52:39.281Z"}
{"level":"info","message":"http server started on port  8081","timestamp":"2015-10-31T18:54:18.136Z"}
{"level":"info","message":"socket server started on port  8080","timestamp":"2015-10-31T18:54:18.139Z"}
{"level":"info","message":"http server started on port  8081","timestamp":"2015-10-31T18:55:28.594Z"}
{"level":"info","message":"socket server started on port  8080","timestamp":"2015-10-31T18:55:28.597Z"}
{"level":"info","message":"http server started on port  8081","timestamp":"2015-10-31T18:56:58.255Z"}
{"level":"info","message":"socket server started on port  8080","timestamp":"2015-10-31T18:56:58.259Z"}
{"level":"info","message":"http server started on port  8081","timestamp":"2015-10-31T18:58:35.121Z"}
{"level":"info","message":"socket server started on port  8080","timestamp":"2015-10-31T18:58:35.124Z"}
{"level":"info","message":"http server started on port  8081","timestamp":"2015-10-31T18:59:23.725Z"}
{"level":"info","message":"socket server started on port  8080","timestamp":"2015-10-31T18:59:23.728Z"}
{"level":"info","message":"http server started on port  8081","timestamp":"2015-11-01T11:31:09.192Z"}
{"level":"info","message":"socket server started on port  8080","timestamp":"2015-11-01T11:31:09.194Z"}
{"level":"info","message":"test","timestamp":"2015-11-01T11:31:09.199Z"}
{"level":"info","message":"generated clientId: gg053eao","timestamp":"2015-11-01T11:31:09.472Z"}
